11:37:39.098 [background-preinit] INFO  o.h.validator.internal.util.Version
                – HV000001: Hibernate Validator 8.0.1.Final
11:37:39.150 [restartedMain] INFO  ru.sonder.task20.Task20Application
                – Starting Task20Application using Java 21.0.2 with PID 15520 (C:\Users\mrale\IdeaProjects\SpringProject\Task20\build\classes\java\main started by mrale in C:\Users\mrale\IdeaProjects\SpringProject\Task20)
11:37:39.150 [restartedMain] INFO  ru.sonder.task20.Task20Application
                – No active profile set, falling back to 1 default profile: "default"
11:37:39.201 [restartedMain] INFO  o.s.b.d.e.DevToolsPropertyDefaultsPostProcessor
                – Devtools property defaults active! Set 'spring.devtools.add-properties' to 'false' to disable
11:37:39.202 [restartedMain] INFO  o.s.b.d.e.DevToolsPropertyDefaultsPostProcessor
                – For additional web related logging consider setting the 'logging.level.web' property to 'DEBUG'
11:37:40.109 [restartedMain] INFO  o.s.d.r.c.RepositoryConfigurationDelegate
                – Bootstrapping Spring Data JPA repositories in DEFAULT mode.
11:37:40.156 [restartedMain] INFO  o.s.d.r.c.RepositoryConfigurationDelegate
                – Finished Spring Data repository scanning in 38 ms. Found 2 JPA repository interfaces.
11:37:40.870 [restartedMain] WARN  o.s.c.s.PostProcessorRegistrationDelegate$BeanPostProcessorChecker
                – Bean 'org.springframework.ws.config.annotation.DelegatingWsConfiguration' of type [org.springframework.ws.config.annotation.DelegatingWsConfiguration$$SpringCGLIB$$0] is not eligible for getting processed by all BeanPostProcessors (for example: not eligible for auto-proxying). The currently created BeanPostProcessor [annotationActionEndpointMapping] is declared through a non-static factory method on that class; consider declaring it as static instead.
11:37:40.910 [restartedMain] INFO  o.s.w.s.a.s.AnnotationActionEndpointMapping
                – Supporting [WS-Addressing August 2004, WS-Addressing 1.0]
11:37:41.509 [restartedMain] INFO  o.s.b.w.e.tomcat.TomcatWebServer
                – Tomcat initialized with port 8080 (http)
11:37:41.521 [restartedMain] INFO  o.a.coyote.http11.Http11NioProtocol
                – Initializing ProtocolHandler ["http-nio-8080"]
11:37:41.523 [restartedMain] INFO  o.a.catalina.core.StandardService
                – Starting service [Tomcat]
11:37:41.523 [restartedMain] INFO  o.a.catalina.core.StandardEngine
                – Starting Servlet engine: [Apache Tomcat/10.1.20]
11:37:41.580 [restartedMain] INFO  o.a.c.c.C.[Tomcat].[localhost].[/]
                – Initializing Spring embedded WebApplicationContext
11:37:41.580 [restartedMain] INFO  o.s.b.w.s.c.ServletWebServerApplicationContext
                – Root WebApplicationContext: initialization completed in 2378 ms
11:37:41.938 [restartedMain] INFO  o.h.jpa.internal.util.LogHelper
                – HHH000204: Processing PersistenceUnitInfo [name: default]
11:37:42.024 [restartedMain] INFO  org.hibernate.Version
                – HHH000412: Hibernate ORM core version 6.4.4.Final
11:37:42.065 [restartedMain] INFO  o.h.c.i.RegionFactoryInitiator
                – HHH000026: Second-level cache disabled
11:37:42.413 [restartedMain] INFO  o.s.o.j.p.SpringPersistenceUnitInfo
                – No LoadTimeWeaver setup: ignoring JPA class transformer
11:37:42.444 [restartedMain] INFO  com.zaxxer.hikari.HikariDataSource
                – HikariPool-1 - Starting...
11:37:42.759 [restartedMain] INFO  com.zaxxer.hikari.pool.HikariPool
                – HikariPool-1 - Added connection org.postgresql.jdbc.PgConnection@368bc474
11:37:42.760 [restartedMain] INFO  com.zaxxer.hikari.HikariDataSource
                – HikariPool-1 - Start completed.
11:37:44.070 [restartedMain] INFO  o.h.e.t.j.p.i.JtaPlatformInitiator
                – HHH000489: No JTA platform available (set 'hibernate.transaction.jta.platform' to enable JTA platform integration)
11:37:44.144 [restartedMain] INFO  o.s.o.j.LocalContainerEntityManagerFactoryBean
                – Initialized JPA EntityManagerFactory for persistence unit 'default'
11:37:44.704 [restartedMain] WARN  o.s.b.a.o.j.JpaBaseConfiguration$JpaWebConfiguration
                – spring.jpa.open-in-view is enabled by default. Therefore, database queries may be performed during view rendering. Explicitly configure spring.jpa.open-in-view to disable this warning
11:37:46.128 [restartedMain] INFO  o.s.b.d.a.OptionalLiveReloadServer
                – LiveReload server is running on port 35729
11:37:46.137 [restartedMain] INFO  o.s.b.a.e.web.EndpointLinksResolver
                – Exposing 1 endpoint(s) beneath base path '/actuator'
11:37:46.205 [restartedMain] INFO  o.a.coyote.http11.Http11NioProtocol
                – Starting ProtocolHandler ["http-nio-8080"]
11:37:46.229 [restartedMain] INFO  o.s.b.w.e.tomcat.TomcatWebServer
                – Tomcat started on port 8080 (http) with context path ''
11:37:46.241 [restartedMain] INFO  ru.sonder.task20.Task20Application
                – Started Task20Application in 7.538 seconds (process running for 8.77)
11:37:46.379 [RMI TCP Connection(3)-172.27.144.1] INFO  o.a.c.c.C.[Tomcat].[localhost].[/]
                – Initializing Spring DispatcherServlet 'dispatcherServlet'
11:37:46.379 [RMI TCP Connection(3)-172.27.144.1] INFO  o.s.web.servlet.DispatcherServlet
                – Initializing Servlet 'dispatcherServlet'
11:37:46.381 [RMI TCP Connection(3)-172.27.144.1] INFO  o.s.web.servlet.DispatcherServlet
                – Completed initialization in 2 ms
11:38:08.784 [http-nio-8080-exec-2] INFO  r.s.t.s.i.UserServiceImplementation
                – getAllUsers method called
11:38:08.894 [http-nio-8080-exec-2] INFO  r.s.t.aspects.TimeLoggingAspect
                – Method execution time: 110ms
11:38:15.937 [http-nio-8080-exec-3] INFO  r.s.t.s.i.UserServiceImplementation
                – saveOrUpdateUsers method called with userDTOs: [UserDTO(id=null, firstName=Aleksei, middleName=Pavlovich, lastName=Konstantinov, birthDate=2005-02-08, posts=[]), UserDTO(id=null, firstName=Ivan, middleName=Sergeevich, lastName=Petrov, birthDate=1998-09-15, posts=[]), UserDTO(id=null, firstName=Elena, middleName=Vladimirovna, lastName=Sokolova, birthDate=1987-04-23, posts=[]), UserDTO(id=null, firstName=Dmitri, middleName=Andreevich, lastName=Smirnov, birthDate=1976-11-30, posts=[]), UserDTO(id=null, firstName=Anna, middleName=Olegovna, lastName=Kuznetsova, birthDate=1992-06-12, posts=[]), UserDTO(id=null, firstName=Svetlana, middleName=Mikhailovna, lastName=Ivanova, birthDate=2000-03-19, posts=[]), UserDTO(id=null, firstName=Mikhail, middleName=Nikolaevich, lastName=Fedorov, birthDate=1983-08-27, posts=[]), UserDTO(id=null, firstName=Olga, middleName=Sergeevna, lastName=Morozova, birthDate=1979-01-05, posts=[]), UserDTO(id=null, firstName=Pavel, middleName=Dmitrievich, lastName=Karpov, birthDate=1995-10-20, posts=[]), UserDTO(id=null, firstName=Natalia, middleName=Ivanovna, lastName=Volkova, birthDate=2008-07-10, posts=[]), UserDTO(id=null, firstName=Aleksei, middleName=Pavlovich, lastName=Ivanov, birthDate=2001-12-03, posts=[]), UserDTO(id=null, firstName=Ivan, middleName=Andreevich, lastName=Smirnov, birthDate=1990-05-25, posts=[]), UserDTO(id=null, firstName=Elena, middleName=Mikhailovna, lastName=Kuznetsova, birthDate=1988-09-08, posts=[]), UserDTO(id=null, firstName=Dmitri, middleName=Vladimirovich, lastName=Sokolov, birthDate=1977-02-17, posts=[])]
11:38:15.938 [http-nio-8080-exec-3] INFO  r.s.t.s.i.UserServiceImplementation
                – saveOrUpdateUser method called with userDTO: UserDTO(id=null, firstName=Aleksei, middleName=Pavlovich, lastName=Konstantinov, birthDate=2005-02-08, posts=[])
11:38:15.967 [http-nio-8080-exec-3] INFO  r.s.t.s.i.UserServiceImplementation
                – saveOrUpdateUser method called with userDTO: UserDTO(id=null, firstName=Ivan, middleName=Sergeevich, lastName=Petrov, birthDate=1998-09-15, posts=[])
11:38:15.968 [http-nio-8080-exec-3] INFO  r.s.t.s.i.UserServiceImplementation
                – saveOrUpdateUser method called with userDTO: UserDTO(id=null, firstName=Elena, middleName=Vladimirovna, lastName=Sokolova, birthDate=1987-04-23, posts=[])
11:38:15.969 [http-nio-8080-exec-3] INFO  r.s.t.s.i.UserServiceImplementation
                – saveOrUpdateUser method called with userDTO: UserDTO(id=null, firstName=Dmitri, middleName=Andreevich, lastName=Smirnov, birthDate=1976-11-30, posts=[])
11:38:15.970 [http-nio-8080-exec-3] INFO  r.s.t.s.i.UserServiceImplementation
                – saveOrUpdateUser method called with userDTO: UserDTO(id=null, firstName=Anna, middleName=Olegovna, lastName=Kuznetsova, birthDate=1992-06-12, posts=[])
11:38:15.970 [http-nio-8080-exec-3] INFO  r.s.t.s.i.UserServiceImplementation
                – saveOrUpdateUser method called with userDTO: UserDTO(id=null, firstName=Svetlana, middleName=Mikhailovna, lastName=Ivanova, birthDate=2000-03-19, posts=[])
11:38:15.974 [http-nio-8080-exec-3] INFO  r.s.t.s.i.UserServiceImplementation
                – saveOrUpdateUser method called with userDTO: UserDTO(id=null, firstName=Mikhail, middleName=Nikolaevich, lastName=Fedorov, birthDate=1983-08-27, posts=[])
11:38:15.975 [http-nio-8080-exec-3] INFO  r.s.t.s.i.UserServiceImplementation
                – saveOrUpdateUser method called with userDTO: UserDTO(id=null, firstName=Olga, middleName=Sergeevna, lastName=Morozova, birthDate=1979-01-05, posts=[])
11:38:15.976 [http-nio-8080-exec-3] INFO  r.s.t.s.i.UserServiceImplementation
                – saveOrUpdateUser method called with userDTO: UserDTO(id=null, firstName=Pavel, middleName=Dmitrievich, lastName=Karpov, birthDate=1995-10-20, posts=[])
11:38:15.977 [http-nio-8080-exec-3] INFO  r.s.t.s.i.UserServiceImplementation
                – saveOrUpdateUser method called with userDTO: UserDTO(id=null, firstName=Natalia, middleName=Ivanovna, lastName=Volkova, birthDate=2008-07-10, posts=[])
11:38:15.978 [http-nio-8080-exec-3] INFO  r.s.t.s.i.UserServiceImplementation
                – saveOrUpdateUser method called with userDTO: UserDTO(id=null, firstName=Aleksei, middleName=Pavlovich, lastName=Ivanov, birthDate=2001-12-03, posts=[])
11:38:15.978 [http-nio-8080-exec-3] INFO  r.s.t.s.i.UserServiceImplementation
                – saveOrUpdateUser method called with userDTO: UserDTO(id=null, firstName=Ivan, middleName=Andreevich, lastName=Smirnov, birthDate=1990-05-25, posts=[])
11:38:15.979 [http-nio-8080-exec-3] INFO  r.s.t.s.i.UserServiceImplementation
                – saveOrUpdateUser method called with userDTO: UserDTO(id=null, firstName=Elena, middleName=Mikhailovna, lastName=Kuznetsova, birthDate=1988-09-08, posts=[])
11:38:15.979 [http-nio-8080-exec-3] INFO  r.s.t.s.i.UserServiceImplementation
                – saveOrUpdateUser method called with userDTO: UserDTO(id=null, firstName=Dmitri, middleName=Vladimirovich, lastName=Sokolov, birthDate=1977-02-17, posts=[])
11:38:15.980 [http-nio-8080-exec-3] INFO  r.s.t.aspects.TimeLoggingAspect
                – Method execution time: 43ms
11:38:28.466 [http-nio-8080-exec-7] INFO  r.s.t.s.i.PostServiceImplementation
                – saveOrUpdatePost method called with postDTO: PostDTO(id=null, text=Текст 4, creationDate=2024-04-15, userId=5)
11:38:28.485 [http-nio-8080-exec-7] INFO  r.s.t.aspects.TimeLoggingAspect
                – Method execution time: 19ms
11:38:32.807 [http-nio-8080-exec-9] INFO  r.s.t.s.i.PostServiceImplementation
                – saveOrUpdatePost method called with postDTO: PostDTO(id=null, text=Текст 3, creationDate=2024-04-15, userId=5)
11:38:32.809 [http-nio-8080-exec-9] INFO  r.s.t.aspects.TimeLoggingAspect
                – Method execution time: 2ms
11:38:36.482 [http-nio-8080-exec-6] INFO  r.s.t.s.i.UserServiceImplementation
                – getAllUsers method called
11:38:36.511 [http-nio-8080-exec-6] INFO  r.s.t.aspects.TimeLoggingAspect
                – Method execution time: 29ms
11:39:36.489 [SpringApplicationShutdownHook] INFO  o.s.o.j.LocalContainerEntityManagerFactoryBean
                – Closing JPA EntityManagerFactory for persistence unit 'default'
11:39:36.492 [SpringApplicationShutdownHook] INFO  com.zaxxer.hikari.HikariDataSource
                – HikariPool-1 - Shutdown initiated...
11:39:36.494 [SpringApplicationShutdownHook] INFO  com.zaxxer.hikari.HikariDataSource
                – HikariPool-1 - Shutdown completed.
17:25:57.859 [background-preinit] INFO  o.h.validator.internal.util.Version
                – HV000001: Hibernate Validator 8.0.1.Final
17:25:57.993 [restartedMain] INFO  ru.sonder.task20.Task20Application
                – Starting Task20Application using Java 21.0.2 with PID 4456 (C:\Users\mrale\IdeaProjects\SpringProject\Task20\build\classes\java\main started by mrale in C:\Users\mrale\IdeaProjects\SpringProject\Task20)
17:25:57.995 [restartedMain] INFO  ru.sonder.task20.Task20Application
                – No active profile set, falling back to 1 default profile: "default"
17:25:58.212 [restartedMain] INFO  o.s.b.d.e.DevToolsPropertyDefaultsPostProcessor
                – Devtools property defaults active! Set 'spring.devtools.add-properties' to 'false' to disable
17:25:58.213 [restartedMain] INFO  o.s.b.d.e.DevToolsPropertyDefaultsPostProcessor
                – For additional web related logging consider setting the 'logging.level.web' property to 'DEBUG'
17:26:01.479 [restartedMain] INFO  o.s.d.r.c.RepositoryConfigurationDelegate
                – Bootstrapping Spring Data JPA repositories in DEFAULT mode.
17:26:01.595 [restartedMain] INFO  o.s.d.r.c.RepositoryConfigurationDelegate
                – Finished Spring Data repository scanning in 92 ms. Found 2 JPA repository interfaces.
17:26:04.010 [restartedMain] WARN  o.s.c.s.PostProcessorRegistrationDelegate$BeanPostProcessorChecker
                – Bean 'org.springframework.ws.config.annotation.DelegatingWsConfiguration' of type [org.springframework.ws.config.annotation.DelegatingWsConfiguration$$SpringCGLIB$$0] is not eligible for getting processed by all BeanPostProcessors (for example: not eligible for auto-proxying). The currently created BeanPostProcessor [annotationActionEndpointMapping] is declared through a non-static factory method on that class; consider declaring it as static instead.
17:26:04.089 [restartedMain] INFO  o.s.w.s.a.s.AnnotationActionEndpointMapping
                – Supporting [WS-Addressing August 2004, WS-Addressing 1.0]
17:26:06.060 [restartedMain] INFO  o.s.b.w.e.tomcat.TomcatWebServer
                – Tomcat initialized with port 8080 (http)
17:26:06.101 [restartedMain] INFO  o.a.coyote.http11.Http11NioProtocol
                – Initializing ProtocolHandler ["http-nio-8080"]
17:26:06.107 [restartedMain] INFO  o.a.catalina.core.StandardService
                – Starting service [Tomcat]
17:26:06.108 [restartedMain] INFO  o.a.catalina.core.StandardEngine
                – Starting Servlet engine: [Apache Tomcat/10.1.20]
17:26:06.330 [restartedMain] INFO  o.a.c.c.C.[Tomcat].[localhost].[/]
                – Initializing Spring embedded WebApplicationContext
17:26:06.331 [restartedMain] INFO  o.s.b.w.s.c.ServletWebServerApplicationContext
                – Root WebApplicationContext: initialization completed in 8115 ms
17:26:07.539 [restartedMain] INFO  o.h.jpa.internal.util.LogHelper
                – HHH000204: Processing PersistenceUnitInfo [name: default]
17:26:07.785 [restartedMain] INFO  org.hibernate.Version
                – HHH000412: Hibernate ORM core version 6.4.4.Final
17:26:07.930 [restartedMain] INFO  o.h.c.i.RegionFactoryInitiator
                – HHH000026: Second-level cache disabled
17:26:08.941 [restartedMain] INFO  o.s.o.j.p.SpringPersistenceUnitInfo
                – No LoadTimeWeaver setup: ignoring JPA class transformer
17:26:09.050 [restartedMain] INFO  com.zaxxer.hikari.HikariDataSource
                – HikariPool-1 - Starting...
17:26:09.592 [restartedMain] INFO  com.zaxxer.hikari.pool.HikariPool
                – HikariPool-1 - Added connection org.postgresql.jdbc.PgConnection@71121996
17:26:09.597 [restartedMain] INFO  com.zaxxer.hikari.HikariDataSource
                – HikariPool-1 - Start completed.
17:26:12.991 [restartedMain] INFO  o.h.e.t.j.p.i.JtaPlatformInitiator
                – HHH000489: No JTA platform available (set 'hibernate.transaction.jta.platform' to enable JTA platform integration)
17:26:13.297 [restartedMain] INFO  o.s.o.j.LocalContainerEntityManagerFactoryBean
                – Initialized JPA EntityManagerFactory for persistence unit 'default'
17:26:14.739 [restartedMain] WARN  o.s.b.a.o.j.JpaBaseConfiguration$JpaWebConfiguration
                – spring.jpa.open-in-view is enabled by default. Therefore, database queries may be performed during view rendering. Explicitly configure spring.jpa.open-in-view to disable this warning
17:26:18.573 [restartedMain] INFO  o.s.b.d.a.OptionalLiveReloadServer
                – LiveReload server is running on port 35729
17:26:18.591 [restartedMain] INFO  o.s.b.a.e.web.EndpointLinksResolver
                – Exposing 1 endpoint(s) beneath base path '/actuator'
17:26:18.754 [restartedMain] INFO  o.a.coyote.http11.Http11NioProtocol
                – Starting ProtocolHandler ["http-nio-8080"]
17:26:18.803 [restartedMain] INFO  o.s.b.w.e.tomcat.TomcatWebServer
                – Tomcat started on port 8080 (http) with context path ''
17:26:18.856 [restartedMain] INFO  ru.sonder.task20.Task20Application
                – Started Task20Application in 22.258 seconds (process running for 24.062)
17:26:19.395 [RMI TCP Connection(10)-192.168.56.1] INFO  o.a.c.c.C.[Tomcat].[localhost].[/]
                – Initializing Spring DispatcherServlet 'dispatcherServlet'
17:26:19.397 [RMI TCP Connection(10)-192.168.56.1] INFO  o.s.web.servlet.DispatcherServlet
                – Initializing Servlet 'dispatcherServlet'
17:26:19.404 [RMI TCP Connection(10)-192.168.56.1] INFO  o.s.web.servlet.DispatcherServlet
                – Completed initialization in 7 ms
17:26:41.191 [SpringApplicationShutdownHook] INFO  o.s.o.j.LocalContainerEntityManagerFactoryBean
                – Closing JPA EntityManagerFactory for persistence unit 'default'
17:26:41.197 [SpringApplicationShutdownHook] INFO  com.zaxxer.hikari.HikariDataSource
                – HikariPool-1 - Shutdown initiated...
17:26:41.201 [SpringApplicationShutdownHook] INFO  com.zaxxer.hikari.HikariDataSource
                – HikariPool-1 - Shutdown completed.
